This file contains any messages produced by compilers while
running configure, to aid debugging if configure makes a mistake.

It was created by nvr configure 1.0, which was
generated by GNU Autoconf 2.69.  Invocation command line was

  $ ./configure --enable-maintainer-mode

## --------- ##
## Platform. ##
## --------- ##

hostname = OVERNIGHT
uname -m = x86_64
uname -r = 1.7.32(0.274/5/3)
uname -s = CYGWIN_NT-6.3
uname -v = 2014-08-13 23:06

/usr/bin/uname -p = unknown
/bin/uname -X     = unknown

/bin/arch              = x86_64
/usr/bin/arch -k       = unknown
/usr/convex/getsysinfo = unknown
/usr/bin/hostinfo      = unknown
/bin/machine           = unknown
/usr/bin/oslevel       = unknown
/bin/universe          = unknown

PATH: /usr/local/bin
PATH: /usr/bin
PATH: /cygdrive/c/Program Files (x86)/NVIDIA Corporation/PhysX/Common
PATH: /cygdrive/c/Program Files/NVIDIA GPU Computing Toolkit/CUDA/v6.5/bin
PATH: /cygdrive/c/Program Files/NVIDIA GPU Computing Toolkit/CUDA/v6.5/libnvvp
PATH: /cygdrive/c/Program Files/NVIDIA GPU Computing Toolkit/CUDA/v5.5/bin
PATH: /cygdrive/c/Program Files/NVIDIA GPU Computing Toolkit/CUDA/v5.5/libnvvp
PATH: /cygdrive/x/Program Files/ImageMagick-6.8.9-Q16
PATH: /cygdrive/x/Program Files/ImageMagick-6.8.9-Q8
PATH: /cygdrive/c/Program Files/Microsoft MPI/Bin
PATH: /cygdrive/c/Program Files (x86)/Common Files/Intel/Shared Files/cpp/bin/Intel64
PATH: /cygdrive/c/Windows/system32
PATH: /cygdrive/c/Windows
PATH: /cygdrive/c/Windows/System32/Wbem
PATH: /cygdrive/c/Windows/System32/WindowsPowerShell/v1.0
PATH: /cygdrive/c/Program Files (x86)/Microsoft ASP.NET/ASP.NET Web Pages/v1.0
PATH: /cygdrive/c/Program Files/Microsoft SQL Server/110/Tools/Binn
PATH: /cygdrive/c/Program Files (x86)/Git/cmd
PATH: /cygdrive/c/Program Files (x86)/Windows Live/Shared
PATH: /cygdrive/c/Program Files/Microsoft Network Monitor 3
PATH: /cygdrive/c/Program Files (x86)/Microsoft SQL Server/110/Tools/Binn/ManagementStudio
PATH: /cygdrive/c/Program Files (x86)/Microsoft SQL Server/110/Tools/Binn
PATH: /cygdrive/c/Program Files (x86)/Microsoft SQL Server/110/DTS/Binn
PATH: /cygdrive/c/Program Files/Microsoft SQL Server/110/DTS/Binn
PATH: /cygdrive/c/Program Files (x86)/Windows Kits/8.1/Windows Performance Toolkit
PATH: /cygdrive/x/Program Files (x86)/Liquid Technologies/Liquid XML Studio 2011/XmlDataBinder9/Redist9/cpp/win32/bin
PATH: /cygdrive/c/Program Files (x86)/QuickTime/QTSystem
PATH: /cygdrive/c/Program Files/Common Files/Autodesk Shared
PATH: /cygdrive/c/Program Files/doxygen/bin
PATH: /cygdrive/c/Program Files/Microsoft/Web Platform Installer
PATH: /cygdrive/y/Program Files/nodejs
PATH: /cygdrive/c/WINDOWS/system32
PATH: /cygdrive/c/WINDOWS
PATH: /cygdrive/c/WINDOWS/System32/Wbem
PATH: /cygdrive/c/WINDOWS/System32/WindowsPowerShell/v1.0
PATH: /cygdrive/c/Program Files (x86)/Microsoft SDKs/TypeScript/1.0
PATH: /cygdrive/c/Program Files (x86)/GtkSharp/2.12/bin
PATH: /cygdrive/c/Program Files/Java/jdk1.7.0_25/bin
PATH: /cygdrive/y/android-sdk/tools
PATH: /cygdrive/y/android-sdk/platform-tools
PATH: /cygdrive/c/Program Files/Aladdin/eToken/PKIClient/x32
PATH: /cygdrive/c/Program Files/Aladdin/eToken/PKIClient/x64
PATH: /cygdrive/y/Tcl/bin
PATH: /cygdrive/c/Program Files/Java/jdk1.7.0_25/bin
PATH: /cygdrive/y/android-sdk/sdk/tools
PATH: /cygdrive/y/android-sdk/sdk/platform-tools
PATH: /cygdrive/y/apache-ant-1.9.2/bin
PATH: /cygdrive/c/Program Files (x86)/Git/bin
PATH: /cygdrive/y/BlackBerry 10 WebWorks SDK 1.0.4.11/dependencies/tools/bin
PATH: /cygdrive/c/Program Files/NVIDIA GPU Computing Toolkit/CUDA/v5.5/bin
PATH: /cygdrive/c/Program Files (x86)/Microsoft Visual Studio 11.0/VC/bin
PATH: /cygdrive/w/usr/bin 
PATH: /cygdrive/c/Users/User/AppData/Roaming/npm
PATH: /cygdrive/c/Program Files (x86)/NVIDIA Corporation/PhysX/Common
PATH: /cygdrive/c/Program Files/NVIDIA GPU Computing Toolkit/CUDA/v6.5/bin
PATH: /cygdrive/c/Program Files/NVIDIA GPU Computing Toolkit/CUDA/v6.5/libnvvp
PATH: /cygdrive/c/Program Files/NVIDIA GPU Computing Toolkit/CUDA/v5.5/bin
PATH: /cygdrive/c/Program Files/NVIDIA GPU Computing Toolkit/CUDA/v5.5/libnvvp
PATH: /cygdrive/x/Program Files/ImageMagick-6.8.9-Q16
PATH: /cygdrive/x/Program Files/ImageMagick-6.8.9-Q8
PATH: /cygdrive/c/Program Files/Microsoft MPI/Bin
PATH: /cygdrive/c/Program Files (x86)/Common Files/Intel/Shared Files/cpp/bin/Intel64
PATH: /cygdrive/c/Windows/system32
PATH: /cygdrive/c/Windows
PATH: /cygdrive/c/Windows/System32/Wbem
PATH: /cygdrive/c/Windows/System32/WindowsPowerShell/v1.0
PATH: /cygdrive/c/Program Files (x86)/Microsoft ASP.NET/ASP.NET Web Pages/v1.0
PATH: /cygdrive/c/Program Files/Microsoft SQL Server/110/Tools/Binn
PATH: /cygdrive/c/Program Files (x86)/Git/cmd
PATH: /cygdrive/c/Program Files (x86)/Windows Live/Shared
PATH: /cygdrive/c/Program Files/Microsoft Network Monitor 3
PATH: /cygdrive/c/Program Files (x86)/Microsoft SQL Server/110/Tools/Binn/ManagementStudio
PATH: /cygdrive/c/Program Files (x86)/Microsoft SQL Server/110/Tools/Binn
PATH: /cygdrive/c/Program Files (x86)/Microsoft SQL Server/110/DTS/Binn
PATH: /cygdrive/c/Program Files/Microsoft SQL Server/110/DTS/Binn
PATH: /cygdrive/c/Program Files (x86)/Windows Kits/8.1/Windows Performance Toolkit
PATH: /cygdrive/x/Program Files (x86)/Liquid Technologies/Liquid XML Studio 2011/XmlDataBinder9/Redist9/cpp/win32/bin
PATH: /cygdrive/c/Program Files (x86)/QuickTime/QTSystem
PATH: /cygdrive/c/Program Files/Common Files/Autodesk Shared
PATH: /cygdrive/c/Program Files/doxygen/bin
PATH: /cygdrive/c/Program Files/Microsoft/Web Platform Installer
PATH: /cygdrive/y/Program Files/nodejs
PATH: /cygdrive/c/WINDOWS/system32
PATH: /cygdrive/c/WINDOWS
PATH: /cygdrive/c/WINDOWS/System32/Wbem
PATH: /cygdrive/c/WINDOWS/System32/WindowsPowerShell/v1.0
PATH: /cygdrive/c/Program Files (x86)/Microsoft SDKs/TypeScript/1.0
PATH: /cygdrive/c/Program Files (x86)/GtkSharp/2.12/bin
PATH: /cygdrive/c/Program Files/Java/jdk1.7.0_25/bin
PATH: /cygdrive/y/android-sdk/tools
PATH: /cygdrive/y/android-sdk/platform-tools
PATH: /cygdrive/c/Program Files/Aladdin/eToken/PKIClient/x32
PATH: /cygdrive/c/Program Files/Aladdin/eToken/PKIClient/x64
PATH: /usr/lib/lapack


## ----------- ##
## Core tests. ##
## ----------- ##

configure:2106: checking for a BSD-compatible install
configure:2174: result: /usr/bin/install -c
configure:2185: checking whether build environment is sane
configure:2240: result: yes
configure:2391: checking for a thread-safe mkdir -p
configure:2430: result: /usr/bin/mkdir -p
configure:2437: checking for gawk
configure:2453: found /usr/bin/gawk
configure:2464: result: gawk
configure:2475: checking whether make sets $(MAKE)
configure:2497: result: yes
configure:2526: checking whether make supports nested variables
configure:2543: result: yes
configure:2679: checking whether make supports nested variables
configure:2696: result: yes
configure:2708: checking whether to enable maintainer-specific portions of Makefiles
configure:2717: result: yes
configure:2749: checking for style of include used by make
configure:2777: result: GNU
configure:2858: checking for g++
configure:2874: found /usr/bin/g++
configure:2885: result: g++
configure:2912: checking for C++ compiler version
configure:2921: g++ --version >&5
g++ (GCC) 4.8.3
Copyright (C) 2013 Free Software Foundation, Inc.
This is free software; see the source for copying conditions.  There is NO
warranty; not even for MERCHANTABILITY or FITNESS FOR A PARTICULAR PURPOSE.

configure:2932: $? = 0
configure:2921: g++ -v >&5
Using built-in specs.
COLLECT_GCC=g++
COLLECT_LTO_WRAPPER=/usr/lib/gcc/x86_64-pc-cygwin/4.8.3/lto-wrapper.exe
Target: x86_64-pc-cygwin
Configured with: /cygdrive/i/szsz/tmpp/gcc/gcc-4.8.3-3.x86_64/src/gcc-4.8.3/configure --srcdir=/cygdrive/i/szsz/tmpp/gcc/gcc-4.8.3-3.x86_64/src/gcc-4.8.3 --prefix=/usr --exec-prefix=/usr --bindir=/usr/bin --sbindir=/usr/sbin --libexecdir=/usr/libexec --datadir=/usr/share --localstatedir=/var --sysconfdir=/etc --libdir=/usr/lib --datarootdir=/usr/share --docdir=/usr/share/doc/gcc --htmldir=/usr/share/doc/gcc/html -C --build=x86_64-pc-cygwin --host=x86_64-pc-cygwin --target=x86_64-pc-cygwin --without-libiconv-prefix --without-libintl-prefix --libexecdir=/usr/lib --enable-shared --enable-shared-libgcc --enable-static --enable-version-specific-runtime-libs --enable-bootstrap --enable-__cxa_atexit --with-dwarf2 --with-tune=generic --enable-languages=ada,c,c++,fortran,lto,objc,obj-c++ --enable-graphite --enable-threads=posix --enable-libatomic --enable-libgomp --disable-libitm --enable-libquadmath --enable-libquadmath-support --enable-libssp --enable-libada --enable-libgcj-sublibs --disable-java-awt --disable-symvers --with-ecj-jar=/usr/share/java/ecj.jar --with-gnu-ld --with-gnu-as --with-cloog-include=/usr/include/cloog-isl --without-libiconv-prefix --without-libintl-prefix --with-system-zlib --enable-linker-build-id
Thread model: posix
gcc version 4.8.3 (GCC) 
configure:2932: $? = 0
configure:2921: g++ -V >&5
g++: error: unrecognized command line option '-V'
g++: fatal error: no input files
compilation terminated.
configure:2932: $? = 1
configure:2921: g++ -qversion >&5
g++: error: unrecognized command line option '-qversion'
g++: fatal error: no input files
compilation terminated.
configure:2932: $? = 1
configure:2952: checking whether the C++ compiler works
configure:2974: g++    conftest.cpp  >&5
configure:2978: $? = 0
configure:3026: result: yes
configure:3029: checking for C++ compiler default output file name
configure:3031: result: a.exe
configure:3037: checking for suffix of executables
configure:3044: g++ -o conftest.exe    conftest.cpp  >&5
configure:3048: $? = 0
configure:3070: result: .exe
configure:3092: checking whether we are cross compiling
configure:3100: g++ -o conftest.exe    conftest.cpp  >&5
configure:3104: $? = 0
configure:3111: ./conftest.exe
configure:3115: $? = 0
configure:3130: result: no
configure:3135: checking for suffix of object files
configure:3157: g++ -c   conftest.cpp >&5
configure:3161: $? = 0
configure:3182: result: o
configure:3186: checking whether we are using the GNU C++ compiler
configure:3205: g++ -c   conftest.cpp >&5
configure:3205: $? = 0
configure:3214: result: yes
configure:3223: checking whether g++ accepts -g
configure:3243: g++ -c -g  conftest.cpp >&5
configure:3243: $? = 0
configure:3284: result: yes
configure:3309: checking dependency style of g++
configure:3420: result: none
configure:3441: checking how to run the C++ preprocessor
configure:3468: g++ -E  conftest.cpp
configure:3468: $? = 0
configure:3482: g++ -E  conftest.cpp
conftest.cpp:11:28: fatal error: ac_nonexistent.h: No such file or directory
 #include <ac_nonexistent.h>
                            ^
compilation terminated.
configure:3482: $? = 1
configure: failed program was:
| /* confdefs.h */
| #define PACKAGE_NAME "nvr"
| #define PACKAGE_TARNAME "nvr"
| #define PACKAGE_VERSION "1.0"
| #define PACKAGE_STRING "nvr 1.0"
| #define PACKAGE_BUGREPORT "https://github.com/dprotopopov/NVR"
| #define PACKAGE_URL ""
| #define PACKAGE "nvr"
| #define VERSION "1.0"
| /* end confdefs.h.  */
| #include <ac_nonexistent.h>
configure:3507: result: g++ -E
configure:3527: g++ -E  conftest.cpp
configure:3527: $? = 0
configure:3541: g++ -E  conftest.cpp
conftest.cpp:11:28: fatal error: ac_nonexistent.h: No such file or directory
 #include <ac_nonexistent.h>
                            ^
compilation terminated.
configure:3541: $? = 1
configure: failed program was:
| /* confdefs.h */
| #define PACKAGE_NAME "nvr"
| #define PACKAGE_TARNAME "nvr"
| #define PACKAGE_VERSION "1.0"
| #define PACKAGE_STRING "nvr 1.0"
| #define PACKAGE_BUGREPORT "https://github.com/dprotopopov/NVR"
| #define PACKAGE_URL ""
| #define PACKAGE "nvr"
| #define VERSION "1.0"
| /* end confdefs.h.  */
| #include <ac_nonexistent.h>
configure:3570: checking for grep that handles long lines and -e
configure:3628: result: /usr/bin/grep
configure:3633: checking for egrep
configure:3695: result: /usr/bin/grep -E
configure:3700: checking for ANSI C header files
configure:3720: g++ -c -g -O2  conftest.cpp >&5
configure:3720: $? = 0
configure:3793: g++ -o conftest.exe -g -O2   conftest.cpp  >&5
configure:3793: $? = 0
configure:3793: ./conftest.exe
configure:3793: $? = 0
configure:3804: result: yes
configure:3817: checking for sys/types.h
configure:3817: g++ -c -g -O2  conftest.cpp >&5
configure:3817: $? = 0
configure:3817: result: yes
configure:3817: checking for sys/stat.h
configure:3817: g++ -c -g -O2  conftest.cpp >&5
configure:3817: $? = 0
configure:3817: result: yes
configure:3817: checking for stdlib.h
configure:3817: g++ -c -g -O2  conftest.cpp >&5
configure:3817: $? = 0
configure:3817: result: yes
configure:3817: checking for string.h
configure:3817: g++ -c -g -O2  conftest.cpp >&5
configure:3817: $? = 0
configure:3817: result: yes
configure:3817: checking for memory.h
configure:3817: g++ -c -g -O2  conftest.cpp >&5
configure:3817: $? = 0
configure:3817: result: yes
configure:3817: checking for strings.h
configure:3817: g++ -c -g -O2  conftest.cpp >&5
configure:3817: $? = 0
configure:3817: result: yes
configure:3817: checking for inttypes.h
configure:3817: g++ -c -g -O2  conftest.cpp >&5
configure:3817: $? = 0
configure:3817: result: yes
configure:3817: checking for stdint.h
configure:3817: g++ -c -g -O2  conftest.cpp >&5
configure:3817: $? = 0
configure:3817: result: yes
configure:3817: checking for unistd.h
configure:3817: g++ -c -g -O2  conftest.cpp >&5
configure:3817: $? = 0
configure:3817: result: yes
configure:3832: checking string usability
configure:3832: g++ -c -g -O2  conftest.cpp >&5
configure:3832: $? = 0
configure:3832: result: yes
configure:3832: checking string presence
configure:3832: g++ -E  conftest.cpp
configure:3832: $? = 0
configure:3832: result: yes
configure:3832: checking for string
configure:3832: result: yes
configure:3832: checking list usability
configure:3832: g++ -c -g -O2  conftest.cpp >&5
configure:3832: $? = 0
configure:3832: result: yes
configure:3832: checking list presence
configure:3832: g++ -E  conftest.cpp
configure:3832: $? = 0
configure:3832: result: yes
configure:3832: checking for list
configure:3832: result: yes
configure:3832: checking map usability
configure:3832: g++ -c -g -O2  conftest.cpp >&5
configure:3832: $? = 0
configure:3832: result: yes
configure:3832: checking map presence
configure:3832: g++ -E  conftest.cpp
configure:3832: $? = 0
configure:3832: result: yes
configure:3832: checking for map
configure:3832: result: yes
configure:3898: checking for pkg-config
configure:3916: found /usr/bin/pkg-config
configure:3928: result: /usr/bin/pkg-config
configure:3953: checking pkg-config is at least version 0.9.0
configure:3956: result: yes
configure:3966: checking for LIBXMLXX
configure:3973: $PKG_CONFIG --exists --print-errors "libxml++-2.6"
configure:3976: $? = 0
configure:3990: $PKG_CONFIG --exists --print-errors "libxml++-2.6"
configure:3993: $? = 0
configure:4051: result: yes
configure:4202: checking that generated files are newer than configure
configure:4208: result: done
configure:4235: creating ./config.status

## ---------------------- ##
## Running config.status. ##
## ---------------------- ##

This file was extended by nvr config.status 1.0, which was
generated by GNU Autoconf 2.69.  Invocation command line was

  CONFIG_FILES    = 
  CONFIG_HEADERS  = 
  CONFIG_LINKS    = 
  CONFIG_COMMANDS = 
  $ ./config.status 

on OVERNIGHT

config.status:787: creating Makefile
config.status:959: executing depfiles commands

## ---------------- ##
## Cache variables. ##
## ---------------- ##

ac_cv_cxx_compiler_gnu=yes
ac_cv_env_ACLOCAL_FLAGS_set=
ac_cv_env_ACLOCAL_FLAGS_value=
ac_cv_env_CCC_set=
ac_cv_env_CCC_value=
ac_cv_env_CPPFLAGS_set=
ac_cv_env_CPPFLAGS_value=
ac_cv_env_CXXCPP_set=
ac_cv_env_CXXCPP_value=
ac_cv_env_CXXFLAGS_set=
ac_cv_env_CXXFLAGS_value=
ac_cv_env_CXX_set=
ac_cv_env_CXX_value=
ac_cv_env_LDFLAGS_set=
ac_cv_env_LDFLAGS_value=
ac_cv_env_LIBS_set=
ac_cv_env_LIBS_value=
ac_cv_env_LIBXMLXX_CFLAGS_set=
ac_cv_env_LIBXMLXX_CFLAGS_value=
ac_cv_env_LIBXMLXX_LIBS_set=
ac_cv_env_LIBXMLXX_LIBS_value=
ac_cv_env_PKG_CONFIG_LIBDIR_set=
ac_cv_env_PKG_CONFIG_LIBDIR_value=
ac_cv_env_PKG_CONFIG_PATH_set=
ac_cv_env_PKG_CONFIG_PATH_value=
ac_cv_env_PKG_CONFIG_set=
ac_cv_env_PKG_CONFIG_value=
ac_cv_env_build_alias_set=
ac_cv_env_build_alias_value=
ac_cv_env_host_alias_set=
ac_cv_env_host_alias_value=
ac_cv_env_target_alias_set=
ac_cv_env_target_alias_value=
ac_cv_exeext=.exe
ac_cv_header_inttypes_h=yes
ac_cv_header_list=yes
ac_cv_header_map=yes
ac_cv_header_memory_h=yes
ac_cv_header_stdc=yes
ac_cv_header_stdint_h=yes
ac_cv_header_stdlib_h=yes
ac_cv_header_string=yes
ac_cv_header_string_h=yes
ac_cv_header_strings_h=yes
ac_cv_header_sys_stat_h=yes
ac_cv_header_sys_types_h=yes
ac_cv_header_unistd_h=yes
ac_cv_objext=o
ac_cv_path_EGREP='/usr/bin/grep -E'
ac_cv_path_GREP=/usr/bin/grep
ac_cv_path_ac_pt_PKG_CONFIG=/usr/bin/pkg-config
ac_cv_path_install='/usr/bin/install -c'
ac_cv_path_mkdir=/usr/bin/mkdir
ac_cv_prog_AWK=gawk
ac_cv_prog_CXXCPP='g++ -E'
ac_cv_prog_ac_ct_CXX=g++
ac_cv_prog_cxx_g=yes
ac_cv_prog_make_make_set=yes
am_cv_CXX_dependencies_compiler_type=none
am_cv_make_support_nested_variables=yes
pkg_cv_LIBXMLXX_CFLAGS='-I/usr/include/libxml++-2.6 -I/usr/lib/libxml++-2.6/include -I/usr/include/libxml2 -I/usr/include/glibmm-2.4 -I/usr/lib/glibmm-2.4/include -I/usr/include/glib-2.0 -I/usr/lib/glib-2.0/include -I/usr/include/sigc++-2.0 -I/usr/lib/sigc++-2.0/include '
pkg_cv_LIBXMLXX_LIBS='-lxml++-2.6 -lxml2 -lz -liconv -lm -lglibmm-2.4 -lgobject-2.0 -lffi -lglib-2.0 -lintl -lpcre -lintl -liconv -lpcre -lsigc-2.0 '

## ----------------- ##
## Output variables. ##
## ----------------- ##

ACLOCAL='${SHELL} /cygdrive/d/Projects/NVR/build/missing aclocal-1.14'
ACLOCAL_FLAGS=''
AMDEPBACKSLASH='\'
AMDEP_FALSE='#'
AMDEP_TRUE=''
AMTAR='$${TAR-tar}'
AM_BACKSLASH='\'
AM_DEFAULT_V='$(AM_DEFAULT_VERBOSITY)'
AM_DEFAULT_VERBOSITY='1'
AM_V='$(V)'
AUTOCONF='${SHELL} /cygdrive/d/Projects/NVR/build/missing autoconf'
AUTOHEADER='${SHELL} /cygdrive/d/Projects/NVR/build/missing autoheader'
AUTOMAKE='${SHELL} /cygdrive/d/Projects/NVR/build/missing automake-1.14'
AWK='gawk'
CPPFLAGS=''
CXX='g++'
CXXCPP='g++ -E'
CXXDEPMODE='depmode=none'
CXXFLAGS='-g -O2'
CYGPATH_W='cygpath -w'
DEFS='-DPACKAGE_NAME=\"nvr\" -DPACKAGE_TARNAME=\"nvr\" -DPACKAGE_VERSION=\"1.0\" -DPACKAGE_STRING=\"nvr\ 1.0\" -DPACKAGE_BUGREPORT=\"https://github.com/dprotopopov/NVR\" -DPACKAGE_URL=\"\" -DPACKAGE=\"nvr\" -DVERSION=\"1.0\" -DSTDC_HEADERS=1 -DHAVE_SYS_TYPES_H=1 -DHAVE_SYS_STAT_H=1 -DHAVE_STDLIB_H=1 -DHAVE_STRING_H=1 -DHAVE_MEMORY_H=1 -DHAVE_STRINGS_H=1 -DHAVE_INTTYPES_H=1 -DHAVE_STDINT_H=1 -DHAVE_UNISTD_H=1 -DHAVE_STRING=1 -DHAVE_LIST=1 -DHAVE_MAP=1'
DEPDIR='.deps'
ECHO_C=''
ECHO_N='-n'
ECHO_T=''
EGREP='/usr/bin/grep -E'
EXEEXT='.exe'
GREP='/usr/bin/grep'
INSTALL_DATA='${INSTALL} -m 644'
INSTALL_PROGRAM='${INSTALL}'
INSTALL_SCRIPT='${INSTALL}'
INSTALL_STRIP_PROGRAM='$(install_sh) -c -s'
LDFLAGS=''
LIBOBJS=''
LIBS=''
LIBXMLXX_CFLAGS='-I/usr/include/libxml++-2.6 -I/usr/lib/libxml++-2.6/include -I/usr/include/libxml2 -I/usr/include/glibmm-2.4 -I/usr/lib/glibmm-2.4/include -I/usr/include/glib-2.0 -I/usr/lib/glib-2.0/include -I/usr/include/sigc++-2.0 -I/usr/lib/sigc++-2.0/include '
LIBXMLXX_LIBS='-lxml++-2.6 -lxml2 -lz -liconv -lm -lglibmm-2.4 -lgobject-2.0 -lffi -lglib-2.0 -lintl -lpcre -lintl -liconv -lpcre -lsigc-2.0 '
LTLIBOBJS=''
MAINT=''
MAINTAINER_MODE_FALSE='#'
MAINTAINER_MODE_TRUE=''
MAKEINFO='${SHELL} /cygdrive/d/Projects/NVR/build/missing makeinfo'
MKDIR_P='/usr/bin/mkdir -p'
OBJEXT='o'
PACKAGE='nvr'
PACKAGE_BUGREPORT='https://github.com/dprotopopov/NVR'
PACKAGE_NAME='nvr'
PACKAGE_STRING='nvr 1.0'
PACKAGE_TARNAME='nvr'
PACKAGE_URL=''
PACKAGE_VERSION='1.0'
PATH_SEPARATOR=':'
PKG_CONFIG='/usr/bin/pkg-config'
PKG_CONFIG_LIBDIR=''
PKG_CONFIG_PATH=''
SET_MAKE=''
SHELL='/bin/sh'
STRIP=''
VERSION='1.0'
ac_ct_CXX='g++'
am__EXEEXT_FALSE='#'
am__EXEEXT_TRUE=''
am__fastdepCXX_FALSE=''
am__fastdepCXX_TRUE='#'
am__include='include'
am__isrc=''
am__leading_dot='.'
am__nodep='_no'
am__quote=''
am__tar='$${TAR-tar} chof - "$$tardir"'
am__untar='$${TAR-tar} xf -'
bindir='${exec_prefix}/bin'
build_alias=''
datadir='${datarootdir}'
datarootdir='${prefix}/share'
docdir='${datarootdir}/doc/${PACKAGE_TARNAME}'
dvidir='${docdir}'
exec_prefix='${prefix}'
host_alias=''
htmldir='${docdir}'
includedir='${prefix}/include'
infodir='${datarootdir}/info'
install_sh='${SHELL} /cygdrive/d/Projects/NVR/build/install-sh'
libdir='${exec_prefix}/lib'
libexecdir='${exec_prefix}/libexec'
localedir='${datarootdir}/locale'
localstatedir='${prefix}/var'
mandir='${datarootdir}/man'
mkdir_p='$(MKDIR_P)'
oldincludedir='/usr/include'
pdfdir='${docdir}'
prefix='/usr/local'
program_transform_name='s,x,x,'
psdir='${docdir}'
sbindir='${exec_prefix}/sbin'
sharedstatedir='${prefix}/com'
sysconfdir='${prefix}/etc'
target_alias=''

## ----------- ##
## confdefs.h. ##
## ----------- ##

/* confdefs.h */
#define PACKAGE_NAME "nvr"
#define PACKAGE_TARNAME "nvr"
#define PACKAGE_VERSION "1.0"
#define PACKAGE_STRING "nvr 1.0"
#define PACKAGE_BUGREPORT "https://github.com/dprotopopov/NVR"
#define PACKAGE_URL ""
#define PACKAGE "nvr"
#define VERSION "1.0"
#define STDC_HEADERS 1
#define HAVE_SYS_TYPES_H 1
#define HAVE_SYS_STAT_H 1
#define HAVE_STDLIB_H 1
#define HAVE_STRING_H 1
#define HAVE_MEMORY_H 1
#define HAVE_STRINGS_H 1
#define HAVE_INTTYPES_H 1
#define HAVE_STDINT_H 1
#define HAVE_UNISTD_H 1
#define HAVE_STRING 1
#define HAVE_LIST 1
#define HAVE_MAP 1

configure: exit 0
